<?xml version="1.0" encoding="UTF-8"?>
<testng-results skipped="0" failed="0" ignored="1" total="6" passed="5">
  <reporter-output>
  </reporter-output>
  <suite name="Loans" duration-ms="167" started-at="2020-06-06T12:43:51 IST" finished-at="2020-06-06T12:43:51 IST">
    <groups>
    </groups>
    <test name="TestCase1" duration-ms="71" started-at="2020-06-06T12:43:51 IST" finished-at="2020-06-06T12:43:51 IST">
      <class name="Loans.Home">
        <test-method status="PASS" signature="Homepage()[pri:0, instance:Loans.Home@57536d79]" name="Homepage" duration-ms="16" started-at="2020-06-06T12:43:51 IST" finished-at="2020-06-06T12:43:51 IST">
          <reporter-output>
          </reporter-output>
        </test-method> <!-- Homepage -->
      </class> <!-- Loans.Home -->
    </test> <!-- TestCase1 -->
    <test name="Testcase2" duration-ms="44" started-at="2020-06-06T12:43:51 IST" finished-at="2020-06-06T12:43:51 IST">
      <class name="Loans.Login">
        <test-method status="PASS" signature="Mobile()[pri:0, instance:Loans.Login@3a883ce7]" name="Mobile" duration-ms="4" started-at="2020-06-06T12:43:51 IST" finished-at="2020-06-06T12:43:51 IST">
          <reporter-output>
          </reporter-output>
        </test-method> <!-- Mobile -->
        <test-method status="PASS" signature="Web()[pri:0, instance:Loans.Login@3a883ce7]" name="Web" duration-ms="4" started-at="2020-06-06T12:43:51 IST" finished-at="2020-06-06T12:43:51 IST">
          <reporter-output>
          </reporter-output>
        </test-method> <!-- Web -->
      </class> <!-- Loans.Login -->
      <class name="Loans.Password">
        <test-method status="PASS" signature="MobilePass()[pri:0, instance:Loans.Password@cd2dae5]" name="MobilePass" duration-ms="4" started-at="2020-06-06T12:43:51 IST" finished-at="2020-06-06T12:43:51 IST">
          <reporter-output>
          </reporter-output>
        </test-method> <!-- MobilePass -->
        <test-method status="PASS" signature="WebPass()[pri:0, instance:Loans.Password@cd2dae5]" name="WebPass" duration-ms="4" started-at="2020-06-06T12:43:51 IST" finished-at="2020-06-06T12:43:51 IST">
          <reporter-output>
          </reporter-output>
        </test-method> <!-- WebPass -->
      </class> <!-- Loans.Password -->
    </test> <!-- Testcase2 -->
  </suite> <!-- Loans -->
</testng-results>
