<?xml version="1.0" encoding="UTF-8"?>
<!-- Generated by org.testng.reporters.JUnitXMLReporter -->
<testsuite hostname="Jagseer" ignored="0" name="QAacademy" tests="4" failures="0" timestamp="13 Jun 2020 16:11:02 GMT" time="64.625" errors="0">
  <testcase name="First" time="21.829" classname="Practical.RealProject.LandingPage"/>
  <testcase name="First" time="16.807" classname="Practical.RealProject.LandingPage"/>
  <testcase name="First" time="0.118" classname="Practical.RealProject.ValidationTitles"/>
  <testcase name="First" time="0.135" classname="Practical.RealProject.ValidationNav"/>
</testsuite> <!-- QAacademy -->
