<?xml version="1.0" encoding="UTF-8"?>
<!-- Generated by org.testng.reporters.JUnitXMLReporter -->
<testsuite hostname="Jagseer" ignored="0" name="Testcase2" tests="4" failures="0" timestamp="2020-06-06T12:43:51 IST" time="0.044" errors="0">
  <testcase name="MobilePass" time="0.004" classname="Loans.Password"/>
  <testcase name="WebPass" time="0.004" classname="Loans.Password"/>
  <testcase name="Mobile" time="0.004" classname="Loans.Login"/>
  <testcase name="Web" time="0.004" classname="Loans.Login"/>
</testsuite> <!-- Testcase2 -->
