<?xml version="1.0" encoding="UTF-8"?>
<testng-results skipped="0" failed="0" ignored="0" total="1" passed="1">
  <reporter-output>
  </reporter-output>
  <suite name="Default suite" duration-ms="8887" started-at="2020-06-15T08:36:12Z" finished-at="2020-06-15T08:36:21Z">
    <groups>
    </groups>
    <test name="Default test" duration-ms="8887" started-at="2020-06-15T08:36:12Z" finished-at="2020-06-15T08:36:21Z">
      <class name="Practical.RealProject.ValidationTitles">
        <test-method status="PASS" signature="intiate()[pri:0, instance:Practical.RealProject.ValidationTitles@28261e8e]" name="intiate" is-config="true" duration-ms="8499" started-at="2020-06-15T08:36:12Z" finished-at="2020-06-15T08:36:20Z">
          <reporter-output>
          </reporter-output>
        </test-method> <!-- intiate -->
        <test-method status="PASS" signature="ValidateText()[pri:0, instance:Practical.RealProject.ValidationTitles@28261e8e]" name="ValidateText" duration-ms="180" started-at="2020-06-15T08:36:20Z" finished-at="2020-06-15T08:36:20Z">
          <reporter-output>
          </reporter-output>
        </test-method> <!-- ValidateText -->
        <test-method status="PASS" signature="terminate()[pri:0, instance:Practical.RealProject.ValidationTitles@28261e8e]" name="terminate" is-config="true" duration-ms="176" started-at="2020-06-15T08:36:20Z" finished-at="2020-06-15T08:36:21Z">
          <reporter-output>
          </reporter-output>
        </test-method> <!-- terminate -->
      </class> <!-- Practical.RealProject.ValidationTitles -->
    </test> <!-- Default test -->
  </suite> <!-- Default suite -->
</testng-results>
