<?xml version="1.0" encoding="UTF-8"?>
<testng-results skipped="0" failed="0" ignored="0" total="3" passed="3">
  <reporter-output>
  </reporter-output>
  <suite name="Default suite" duration-ms="94" started-at="2020-06-12T23:36:37 IST" finished-at="2020-06-12T23:36:37 IST">
    <groups>
    </groups>
    <test name="Default test" duration-ms="94" started-at="2020-06-12T23:36:37 IST" finished-at="2020-06-12T23:36:37 IST">
      <class name="maventest.Jagseer2.AppiumTest">
        <test-method status="PASS" signature="method5()[pri:0, instance:maventest.Jagseer2.AppiumTest@2638011]" name="method5" duration-ms="31" started-at="2020-06-12T23:36:37 IST" finished-at="2020-06-12T23:36:37 IST">
          <reporter-output>
          </reporter-output>
        </test-method> <!-- method5 -->
        <test-method status="PASS" signature="method6()[pri:0, instance:maventest.Jagseer2.AppiumTest@2638011]" name="method6" duration-ms="0" started-at="2020-06-12T23:36:37 IST" finished-at="2020-06-12T23:36:37 IST">
          <reporter-output>
          </reporter-output>
        </test-method> <!-- method6 -->
        <test-method status="PASS" signature="method9()[pri:0, instance:maventest.Jagseer2.AppiumTest@2638011]" name="method9" duration-ms="16" started-at="2020-06-12T23:36:37 IST" finished-at="2020-06-12T23:36:37 IST">
          <reporter-output>
          </reporter-output>
        </test-method> <!-- method9 -->
      </class> <!-- maventest.Jagseer2.AppiumTest -->
    </test> <!-- Default test -->
  </suite> <!-- Default suite -->
</testng-results>
