<?xml version="1.0" encoding="UTF-8"?>
<!-- Generated by org.testng.reporters.JUnitXMLReporter -->
<testsuite hostname="Jagseer" ignored="0" name="NOwhere" tests="5" failures="0" timestamp="10 Jun 2020 14:08:08 GMT" time="0.069" errors="0">
  <testcase name="method3" time="0.012" classname="maventest.Jagseer2.Testapi"/>
  <testcase name="method4" time="0.0" classname="maventest.Jagseer2.Testapi"/>
  <testcase name="method" time="0.0" classname="maventest.Jagseer2.sleniumTest"/>
  <testcase name="method1" time="0.0" classname="maventest.Jagseer2.sleniumTest"/>
  <testcase name="method7" time="0.0" classname="maventest.Jagseer2.sleniumTest"/>
</testsuite> <!-- NOwhere -->
