<?xml version="1.0" encoding="UTF-8"?>
<!-- Generated by org.testng.reporters.JUnitXMLReporter -->
<testsuite hostname="Jagseer" ignored="0" name="Default test" tests="3" failures="0" timestamp="2020-06-12T23:36:37 IST" time="0.094" errors="0">
  <testcase name="method5" time="0.031" classname="maventest.Jagseer2.AppiumTest"/>
  <testcase name="method6" time="0.0" classname="maventest.Jagseer2.AppiumTest"/>
  <testcase name="method9" time="0.016" classname="maventest.Jagseer2.AppiumTest"/>
</testsuite> <!-- Default test -->
