<?xml version="1.0" encoding="UTF-8"?>
<!-- Generated by org.testng.reporters.JUnitXMLReporter -->
<testsuite hostname="Jagseer" ignored="0" name="Test" tests="5" failures="0" timestamp="2020-06-06T10:29:21 IST" time="0.116" errors="0">
  <testcase name="MobilePass" time="0.02" classname="Loans.Password"/>
  <testcase name="WebPass" time="0.002" classname="Loans.Password"/>
  <testcase name="Homepage" time="0.003" classname="Loans.Home"/>
  <testcase name="Mobile" time="0.008" classname="Loans.Login"/>
  <testcase name="Web" time="0.002" classname="Loans.Login"/>
</testsuite> <!-- Test -->
