<?xml version="1.0" encoding="UTF-8"?>
<!-- Generated by org.testng.reporters.JUnitXMLReporter -->
<testsuite hostname="Jagseer" ignored="0" name="TitleValidation" tests="1" failures="1" timestamp="14 Jun 2020 07:34:46 GMT" time="14.759" errors="0">
  <testcase name="ValidateText" time="0.141" classname="Practical.RealProject.ValidationTitles">
    <failure type="java.lang.AssertionError" message="expected [FEATURED COURSE1S] but found [FEATURED COURSES]">
      <![CDATA[java.lang.AssertionError: expected [FEATURED COURSE1S] but found [FEATURED COURSES]
at Practical.RealProject.ValidationTitles.ValidateText(ValidationTitles.java:33)
at java.util.concurrent.FutureTask.run(Unknown Source)
at java.util.concurrent.ThreadPoolExecutor.runWorker(Unknown Source)
at java.util.concurrent.ThreadPoolExecutor$Worker.run(Unknown Source)
at java.lang.Thread.run(Unknown Source)
... Removed 22 stack frames]]>
    </failure>
  </testcase> <!-- ValidateText -->
</testsuite> <!-- TitleValidation -->
